
*** Running vivado
    with args -log regfile_display.vds -m64 -product Vivado -mode batch -messageDb vivado.pb -notrace -source regfile_display.tcl


****** Vivado v2018.3 (64-bit)
  **** SW Build 2405991 on Thu Dec  6 23:38:27 MST 2018
  **** IP Build 2404404 on Fri Dec  7 01:43:56 MST 2018
    ** Copyright 1986-2018 Xilinx, Inc. All Rights Reserved.

source regfile_display.tcl -notrace
Command: synth_design -top regfile_display -part xc7a200tfbg676-2
Starting synth_design
Attempting to get a license for feature 'Synthesis' and/or device 'xc7a200t'
INFO: [Common 17-349] Got license for feature 'Synthesis' and/or device 'xc7a200t'
INFO: Launching helper process for spawning children vivado processes
INFO: Helper process launched with PID 22940 
---------------------------------------------------------------------------------
Starting RTL Elaboration : Time (s): cpu = 00:00:00 ; elapsed = 00:00:01 . Memory (MB): peak = 372.949 ; gain = 101.305
---------------------------------------------------------------------------------
INFO: [Synth 8-6157] synthesizing module 'regfile_display' [D:/Code/Verilog/RegDui/RegDui.srcs/sources_1/new/regfile_display.v:7]
INFO: [Synth 8-6157] synthesizing module 'regfile' [D:/Code/Verilog/RegDui/RegDui.srcs/sources_1/new/regfile.v:8]
WARNING: [Synth 8-6014] Unused sequential element rf_reg[0] was removed.  [D:/Code/Verilog/RegDui/RegDui.srcs/sources_1/new/regfile.v:31]
INFO: [Synth 8-6155] done synthesizing module 'regfile' (1#1) [D:/Code/Verilog/RegDui/RegDui.srcs/sources_1/new/regfile.v:8]
INFO: [Synth 8-6157] synthesizing module 'lcd_module' [D:/Code/Verilog/RegDui/RegDui.runs/synth_1/.Xil/Vivado-27456-Ming_/realtime/lcd_module_stub.v:6]
INFO: [Synth 8-6155] done synthesizing module 'lcd_module' (2#1) [D:/Code/Verilog/RegDui/RegDui.runs/synth_1/.Xil/Vivado-27456-Ming_/realtime/lcd_module_stub.v:6]
INFO: [Synth 8-155] case statement is not full and has no default [D:/Code/Verilog/RegDui/RegDui.srcs/sources_1/new/regfile_display.v:198]
INFO: [Synth 8-6155] done synthesizing module 'regfile_display' (3#1) [D:/Code/Verilog/RegDui/RegDui.srcs/sources_1/new/regfile_display.v:7]
---------------------------------------------------------------------------------
Finished RTL Elaboration : Time (s): cpu = 00:00:00 ; elapsed = 00:00:02 . Memory (MB): peak = 429.355 ; gain = 157.711
---------------------------------------------------------------------------------

Report Check Netlist: 
+------+------------------+-------+---------+-------+------------------+
|      |Item              |Errors |Warnings |Status |Description       |
+------+------------------+-------+---------+-------+------------------+
|1     |multi_driven_nets |      0|        0|Passed |Multi driven nets |
+------+------------------+-------+---------+-------+------------------+
---------------------------------------------------------------------------------
Start Handling Custom Attributes
---------------------------------------------------------------------------------
---------------------------------------------------------------------------------
Finished Handling Custom Attributes : Time (s): cpu = 00:00:00 ; elapsed = 00:00:02 . Memory (MB): peak = 429.355 ; gain = 157.711
---------------------------------------------------------------------------------
---------------------------------------------------------------------------------
Finished RTL Optimization Phase 1 : Time (s): cpu = 00:00:00 ; elapsed = 00:00:02 . Memory (MB): peak = 429.355 ; gain = 157.711
---------------------------------------------------------------------------------
INFO: [Device 21-403] Loading part xc7a200tfbg676-2
INFO: [Project 1-570] Preparing netlist for logic optimization

Processing XDC Constraints
Initializing timing engine
Parsing XDC File [D:/Code/Verilog/RegDui/RegDui.srcs/constrs_1/new/regfile.xdc]
Finished Parsing XDC File [D:/Code/Verilog/RegDui/RegDui.srcs/constrs_1/new/regfile.xdc]
INFO: [Project 1-236] Implementation specific constraints were found while reading constraint file [D:/Code/Verilog/RegDui/RegDui.srcs/constrs_1/new/regfile.xdc]. These constraints will be ignored for synthesis but will be used in implementation. Impacted constraints are listed in the file [.Xil/regfile_display_propImpl.xdc].
Resolution: To avoid this warning, move constraints listed in [.Xil/regfile_display_propImpl.xdc] to another XDC file and exclude this new file from synthesis with the used_in_synthesis property (File Properties dialog in GUI) and re-run elaboration/synthesis.
Netlist sorting complete. Time (s): cpu = 00:00:00 ; elapsed = 00:00:00.001 . Memory (MB): peak = 798.973 ; gain = 0.000
Completed Processing XDC Constraints

Netlist sorting complete. Time (s): cpu = 00:00:00 ; elapsed = 00:00:00 . Memory (MB): peak = 798.973 ; gain = 0.000
INFO: [Project 1-111] Unisim Transformation Summary:
No Unisim elements were transformed.

Netlist sorting complete. Time (s): cpu = 00:00:00 ; elapsed = 00:00:00 . Memory (MB): peak = 798.973 ; gain = 0.000
Constraint Validation Runtime : Time (s): cpu = 00:00:00 ; elapsed = 00:00:00.002 . Memory (MB): peak = 798.973 ; gain = 0.000
---------------------------------------------------------------------------------
Finished Constraint Validation : Time (s): cpu = 00:00:01 ; elapsed = 00:00:09 . Memory (MB): peak = 798.973 ; gain = 527.328
---------------------------------------------------------------------------------
---------------------------------------------------------------------------------
Start Loading Part and Timing Information
---------------------------------------------------------------------------------
Loading part: xc7a200tfbg676-2
---------------------------------------------------------------------------------
Finished Loading Part and Timing Information : Time (s): cpu = 00:00:01 ; elapsed = 00:00:09 . Memory (MB): peak = 798.973 ; gain = 527.328
---------------------------------------------------------------------------------
---------------------------------------------------------------------------------
Start Applying 'set_property' XDC Constraints
---------------------------------------------------------------------------------
---------------------------------------------------------------------------------
Finished applying 'set_property' XDC Constraints : Time (s): cpu = 00:00:01 ; elapsed = 00:00:09 . Memory (MB): peak = 798.973 ; gain = 527.328
---------------------------------------------------------------------------------
INFO: [Synth 8-5544] ROM "rf_reg[15]" won't be mapped to Block RAM because address size (4) smaller than threshold (5)
INFO: [Synth 8-5544] ROM "rf_reg[14]" won't be mapped to Block RAM because address size (4) smaller than threshold (5)
INFO: [Synth 8-5544] ROM "rf_reg[13]" won't be mapped to Block RAM because address size (4) smaller than threshold (5)
INFO: [Synth 8-5544] ROM "rf_reg[12]" won't be mapped to Block RAM because address size (4) smaller than threshold (5)
INFO: [Synth 8-5544] ROM "rf_reg[11]" won't be mapped to Block RAM because address size (4) smaller than threshold (5)
INFO: [Synth 8-5544] ROM "rf_reg[10]" won't be mapped to Block RAM because address size (4) smaller than threshold (5)
INFO: [Synth 8-5544] ROM "rf_reg[9]" won't be mapped to Block RAM because address size (4) smaller than threshold (5)
INFO: [Synth 8-5544] ROM "rf_reg[8]" won't be mapped to Block RAM because address size (4) smaller than threshold (5)
INFO: [Synth 8-5544] ROM "rf_reg[7]" won't be mapped to Block RAM because address size (4) smaller than threshold (5)
INFO: [Synth 8-5544] ROM "rf_reg[6]" won't be mapped to Block RAM because address size (4) smaller than threshold (5)
INFO: [Synth 8-5544] ROM "rf_reg[5]" won't be mapped to Block RAM because address size (4) smaller than threshold (5)
INFO: [Synth 8-5544] ROM "rf_reg[4]" won't be mapped to Block RAM because address size (4) smaller than threshold (5)
INFO: [Synth 8-5544] ROM "rf_reg[3]" won't be mapped to Block RAM because address size (4) smaller than threshold (5)
INFO: [Synth 8-5544] ROM "rf_reg[2]" won't be mapped to Block RAM because address size (4) smaller than threshold (5)
INFO: [Synth 8-5544] ROM "rf_reg[1]" won't be mapped to Block RAM because address size (4) smaller than threshold (5)
INFO: [Synth 8-5546] ROM "display_valid" won't be mapped to RAM because it is too sparse
INFO: [Synth 8-5546] ROM "display_name" won't be mapped to RAM because it is too sparse
---------------------------------------------------------------------------------
Finished RTL Optimization Phase 2 : Time (s): cpu = 00:00:01 ; elapsed = 00:00:09 . Memory (MB): peak = 798.973 ; gain = 527.328
---------------------------------------------------------------------------------

Report RTL Partitions: 
+-+--------------+------------+----------+
| |RTL Partition |Replication |Instances |
+-+--------------+------------+----------+
+-+--------------+------------+----------+
---------------------------------------------------------------------------------
Start RTL Component Statistics 
---------------------------------------------------------------------------------
Detailed RTL Component Info : 
+---Adders : 
	   2 Input      6 Bit       Adders := 1     
+---Registers : 
	               64 Bit    Registers := 15    
	               40 Bit    Registers := 1     
	               32 Bit    Registers := 3     
	                4 Bit    Registers := 3     
	                1 Bit    Registers := 1     
+---Muxes : 
	  36 Input     40 Bit        Muxes := 1     
	   2 Input     39 Bit        Muxes := 1     
	  10 Input     39 Bit        Muxes := 1     
	  35 Input     32 Bit        Muxes := 1     
	   2 Input     32 Bit        Muxes := 2     
	   2 Input      1 Bit        Muxes := 16    
	  10 Input      1 Bit        Muxes := 1     
	  36 Input      1 Bit        Muxes := 1     
---------------------------------------------------------------------------------
Finished RTL Component Statistics 
---------------------------------------------------------------------------------
---------------------------------------------------------------------------------
Start RTL Hierarchical Component Statistics 
---------------------------------------------------------------------------------
Hierarchical RTL Component report 
Module regfile_display 
Detailed RTL Component Info : 
+---Adders : 
	   2 Input      6 Bit       Adders := 1     
+---Registers : 
	               40 Bit    Registers := 1     
	               32 Bit    Registers := 3     
	                4 Bit    Registers := 3     
	                1 Bit    Registers := 1     
+---Muxes : 
	  36 Input     40 Bit        Muxes := 1     
	   2 Input     39 Bit        Muxes := 1     
	  10 Input     39 Bit        Muxes := 1     
	  35 Input     32 Bit        Muxes := 1     
	   2 Input     32 Bit        Muxes := 2     
	   2 Input      1 Bit        Muxes := 1     
	  10 Input      1 Bit        Muxes := 1     
	  36 Input      1 Bit        Muxes := 1     
Module regfile 
Detailed RTL Component Info : 
+---Registers : 
	               64 Bit    Registers := 15    
+---Muxes : 
	   2 Input      1 Bit        Muxes := 15    
---------------------------------------------------------------------------------
Finished RTL Hierarchical Component Statistics
---------------------------------------------------------------------------------
---------------------------------------------------------------------------------
Start Part Resource Summary
---------------------------------------------------------------------------------
Part Resources:
DSPs: 740 (col length:100)
BRAMs: 730 (col length: RAMB18 100 RAMB36 50)
---------------------------------------------------------------------------------
Finished Part Resource Summary
---------------------------------------------------------------------------------
---------------------------------------------------------------------------------
Start Cross Boundary and Area Optimization
---------------------------------------------------------------------------------
Warning: Parallel synthesis criteria is not met 
INFO: [Synth 8-3886] merging instance 'display_name_reg[6]' (FDE) to 'display_name_reg[32]'
INFO: [Synth 8-3886] merging instance 'display_name_reg[7]' (FDE) to 'display_name_reg[9]'
INFO: [Synth 8-3886] merging instance 'display_name_reg[9]' (FDE) to 'display_name_reg[11]'
INFO: [Synth 8-3886] merging instance 'display_name_reg[10]' (FDE) to 'display_name_reg[14]'
INFO: [Synth 8-3886] merging instance 'display_name_reg[11]' (FDE) to 'display_name_reg[15]'
INFO: [Synth 8-3886] merging instance 'display_name_reg[12]' (FDE) to 'display_name_reg[16]'
INFO: [Synth 8-3886] merging instance 'display_name_reg[13]' (FDE) to 'display_name_reg[17]'
INFO: [Synth 8-3886] merging instance 'display_name_reg[15]' (FDE) to 'display_name_reg[19]'
INFO: [Synth 8-3886] merging instance 'display_name_reg[16]' (FDE) to 'display_name_reg[26]'
INFO: [Synth 8-3886] merging instance 'display_name_reg[18]' (FDE) to 'display_name_reg[24]'
INFO: [Synth 8-3886] merging instance 'display_name_reg[19]' (FDE) to 'display_name_reg[20]'
INFO: [Synth 8-3886] merging instance 'display_name_reg[20]' (FDE) to 'display_name_reg[21]'
INFO: [Synth 8-3886] merging instance 'display_name_reg[21]' (FDE) to 'display_name_reg[23]'
INFO: [Synth 8-3886] merging instance 'display_name_reg[22]' (FDE) to 'display_name_reg[30]'
INFO: [Synth 8-3886] merging instance 'display_name_reg[23]' (FDE) to 'display_name_reg[25]'
INFO: [Synth 8-3886] merging instance 'display_name_reg[25]' (FDE) to 'display_name_reg[27]'
INFO: [Synth 8-3886] merging instance 'display_name_reg[27]' (FDE) to 'display_name_reg[28]'
INFO: [Synth 8-3886] merging instance 'display_name_reg[28]' (FDE) to 'display_name_reg[29]'
INFO: [Synth 8-3886] merging instance 'display_name_reg[29]' (FDE) to 'display_name_reg[31]'
INFO: [Synth 8-3886] merging instance 'display_name_reg[30]' (FDE) to 'display_name_reg[33]'
INFO: [Synth 8-3886] merging instance 'display_name_reg[31]' (FDE) to 'display_name_reg[35]'
INFO: [Synth 8-3886] merging instance 'display_name_reg[32]' (FDE) to 'display_name_reg[34]'
INFO: [Synth 8-3886] merging instance 'display_name_reg[33]' (FDE) to 'display_name_reg[36]'
INFO: [Synth 8-3886] merging instance 'display_name_reg[35]' (FDE) to 'display_name_reg[37]'
INFO: [Synth 8-3886] merging instance 'display_name_reg[36]' (FDE) to 'display_name_reg[38]'
INFO: [Synth 8-3886] merging instance 'display_name_reg[37]' (FDE) to 'display_name_reg[39]'
INFO: [Synth 8-3333] propagating constant 0 across sequential element (\display_name_reg[39] )
---------------------------------------------------------------------------------
Finished Cross Boundary and Area Optimization : Time (s): cpu = 00:00:04 ; elapsed = 00:00:24 . Memory (MB): peak = 798.973 ; gain = 527.328
---------------------------------------------------------------------------------

Report RTL Partitions: 
+-+--------------+------------+----------+
| |RTL Partition |Replication |Instances |
+-+--------------+------------+----------+
+-+--------------+------------+----------+
---------------------------------------------------------------------------------
Start Applying XDC Timing Constraints
---------------------------------------------------------------------------------
---------------------------------------------------------------------------------
Finished Applying XDC Timing Constraints : Time (s): cpu = 00:00:05 ; elapsed = 00:00:29 . Memory (MB): peak = 807.922 ; gain = 536.277
---------------------------------------------------------------------------------
---------------------------------------------------------------------------------
Start Timing Optimization
---------------------------------------------------------------------------------
---------------------------------------------------------------------------------
Finished Timing Optimization : Time (s): cpu = 00:00:05 ; elapsed = 00:00:29 . Memory (MB): peak = 809.277 ; gain = 537.633
---------------------------------------------------------------------------------

Report RTL Partitions: 
+-+--------------+------------+----------+
| |RTL Partition |Replication |Instances |
+-+--------------+------------+----------+
+-+--------------+------------+----------+
---------------------------------------------------------------------------------
Start Technology Mapping
---------------------------------------------------------------------------------
---------------------------------------------------------------------------------
Finished Technology Mapping : Time (s): cpu = 00:00:05 ; elapsed = 00:00:30 . Memory (MB): peak = 837.496 ; gain = 565.852
---------------------------------------------------------------------------------

Report RTL Partitions: 
+-+--------------+------------+----------+
| |RTL Partition |Replication |Instances |
+-+--------------+------------+----------+
+-+--------------+------------+----------+
---------------------------------------------------------------------------------
Start IO Insertion
---------------------------------------------------------------------------------
---------------------------------------------------------------------------------
Start Flattening Before IO Insertion
---------------------------------------------------------------------------------
---------------------------------------------------------------------------------
Finished Flattening Before IO Insertion
---------------------------------------------------------------------------------
---------------------------------------------------------------------------------
Start Final Netlist Cleanup
---------------------------------------------------------------------------------
---------------------------------------------------------------------------------
Finished Final Netlist Cleanup
---------------------------------------------------------------------------------
---------------------------------------------------------------------------------
Finished IO Insertion : Time (s): cpu = 00:00:05 ; elapsed = 00:00:30 . Memory (MB): peak = 837.496 ; gain = 565.852
---------------------------------------------------------------------------------

Report Check Netlist: 
+------+------------------+-------+---------+-------+------------------+
|      |Item              |Errors |Warnings |Status |Description       |
+------+------------------+-------+---------+-------+------------------+
|1     |multi_driven_nets |      0|        0|Passed |Multi driven nets |
+------+------------------+-------+---------+-------+------------------+
---------------------------------------------------------------------------------
Start Renaming Generated Instances
---------------------------------------------------------------------------------
---------------------------------------------------------------------------------
Finished Renaming Generated Instances : Time (s): cpu = 00:00:05 ; elapsed = 00:00:30 . Memory (MB): peak = 837.496 ; gain = 565.852
---------------------------------------------------------------------------------

Report RTL Partitions: 
+-+--------------+------------+----------+
| |RTL Partition |Replication |Instances |
+-+--------------+------------+----------+
+-+--------------+------------+----------+
---------------------------------------------------------------------------------
Start Rebuilding User Hierarchy
---------------------------------------------------------------------------------
---------------------------------------------------------------------------------
Finished Rebuilding User Hierarchy : Time (s): cpu = 00:00:05 ; elapsed = 00:00:30 . Memory (MB): peak = 837.496 ; gain = 565.852
---------------------------------------------------------------------------------
---------------------------------------------------------------------------------
Start Renaming Generated Ports
---------------------------------------------------------------------------------
---------------------------------------------------------------------------------
Finished Renaming Generated Ports : Time (s): cpu = 00:00:05 ; elapsed = 00:00:30 . Memory (MB): peak = 837.496 ; gain = 565.852
---------------------------------------------------------------------------------
---------------------------------------------------------------------------------
Start Handling Custom Attributes
---------------------------------------------------------------------------------
---------------------------------------------------------------------------------
Finished Handling Custom Attributes : Time (s): cpu = 00:00:05 ; elapsed = 00:00:30 . Memory (MB): peak = 837.496 ; gain = 565.852
---------------------------------------------------------------------------------
---------------------------------------------------------------------------------
Start Renaming Generated Nets
---------------------------------------------------------------------------------
---------------------------------------------------------------------------------
Finished Renaming Generated Nets : Time (s): cpu = 00:00:05 ; elapsed = 00:00:30 . Memory (MB): peak = 837.496 ; gain = 565.852
---------------------------------------------------------------------------------
---------------------------------------------------------------------------------
Start Writing Synthesis Report
---------------------------------------------------------------------------------

Report BlackBoxes: 
+------+--------------+----------+
|      |BlackBox name |Instances |
+------+--------------+----------+
|1     |lcd_module    |         1|
+------+--------------+----------+

Report Cell Usage: 
+------+-----------+------+
|      |Cell       |Count |
+------+-----------+------+
|1     |lcd_module |     1|
|2     |BUFG       |     1|
|3     |LUT1       |     1|
|4     |LUT2       |     8|
|5     |LUT3       |     6|
|6     |LUT4       |     4|
|7     |LUT5       |   300|
|8     |LUT6       |   660|
|9     |MUXF7      |   416|
|10    |MUXF8      |   131|
|11    |FDRE       |  1081|
|12    |FDSE       |     5|
|13    |IBUF       |     6|
|14    |OBUF       |    13|
+------+-----------+------+

Report Instance Areas: 
+------+------------+--------+------+
|      |Instance    |Module  |Cells |
+------+------------+--------+------+
|1     |top         |        |  2679|
|2     |  rf_module |regfile |  2418|
+------+------------+--------+------+
---------------------------------------------------------------------------------
Finished Writing Synthesis Report : Time (s): cpu = 00:00:05 ; elapsed = 00:00:30 . Memory (MB): peak = 837.496 ; gain = 565.852
---------------------------------------------------------------------------------
Synthesis finished with 0 errors, 0 critical warnings and 0 warnings.
Synthesis Optimization Runtime : Time (s): cpu = 00:00:04 ; elapsed = 00:00:25 . Memory (MB): peak = 837.496 ; gain = 196.234
Synthesis Optimization Complete : Time (s): cpu = 00:00:05 ; elapsed = 00:00:31 . Memory (MB): peak = 837.496 ; gain = 565.852
INFO: [Project 1-571] Translating synthesized netlist
INFO: [Netlist 29-17] Analyzing 547 Unisim elements for replacement
INFO: [Netlist 29-28] Unisim Transformation completed in 0 CPU seconds
WARNING: [Netlist 29-101] Netlist 'regfile_display' is not ideal for floorplanning, since the cellview 'regfile' contains a large number of primitives.  Please consider enabling hierarchy in synthesis if you want to do floorplanning.
INFO: [Project 1-570] Preparing netlist for logic optimization
INFO: [Opt 31-138] Pushed 0 inverter(s) to 0 load pin(s).
Netlist sorting complete. Time (s): cpu = 00:00:00 ; elapsed = 00:00:00 . Memory (MB): peak = 838.285 ; gain = 0.000
INFO: [Project 1-111] Unisim Transformation Summary:
No Unisim elements were transformed.

INFO: [Common 17-83] Releasing license: Synthesis
63 Infos, 2 Warnings, 0 Critical Warnings and 0 Errors encountered.
synth_design completed successfully
synth_design: Time (s): cpu = 00:00:05 ; elapsed = 00:00:33 . Memory (MB): peak = 838.293 ; gain = 575.621
Netlist sorting complete. Time (s): cpu = 00:00:00 ; elapsed = 00:00:00 . Memory (MB): peak = 838.293 ; gain = 0.000
WARNING: [Constraints 18-5210] No constraints selected for write.
Resolution: This message can indicate that there are no constraints for the design, or it can indicate that the used_in flags are set such that the constraints are ignored. This later case is used when running synth_design to not write synthesis constraints to the resulting checkpoint. Instead, project constraints are read when the synthesized design is opened.
INFO: [Common 17-1381] The checkpoint 'D:/Code/Verilog/RegDui/RegDui.runs/synth_1/regfile_display.dcp' has been generated.
INFO: [runtcl-4] Executing : report_utilization -file regfile_display_utilization_synth.rpt -pb regfile_display_utilization_synth.pb
INFO: [Common 17-206] Exiting Vivado at Tue Apr 23 19:34:42 2024...
