Copyright 1986-2018 Xilinx, Inc. All Rights Reserved.
----------------------------------------------------------------------------------------------------------------------------------------------------------------------------------
| Tool Version     : Vivado v.2018.3 (win64) Build 2405991 Thu Dec  6 23:38:27 MST 2018
| Date             : Tue Dec  3 21:02:13 2024
| Host             : Ming running 64-bit major release  (build 9200)
| Command          : report_power -file pipeline_cpu_display_power_routed.rpt -pb pipeline_cpu_display_power_summary_routed.pb -rpx pipeline_cpu_display_power_routed.rpx
| Design           : pipeline_cpu_display
| Device           : xc7a200tfbg676-2
| Design State     : routed
| Grade            : commercial
| Process          : typical
| Characterization : Production
----------------------------------------------------------------------------------------------------------------------------------------------------------------------------------

Power Report

Table of Contents
-----------------
1. Summary
1.1 On-Chip Components
1.2 Power Supply Summary
1.3 Confidence Level
2. Settings
2.1 Environment
2.2 Clock Constraints
3. Detailed Reports
3.1 By Hierarchy

1. Summary
----------

+--------------------------+--------------+
| Total On-Chip Power (W)  | 26.172       |
| Design Power Budget (W)  | Unspecified* |
| Power Budget Margin (W)  | NA           |
| Dynamic (W)              | 25.804       |
| Device Static (W)        | 0.368        |
| Effective TJA (C/W)      | 1.9          |
| Max Ambient (C)          | 36.1         |
| Junction Temperature (C) | 73.9         |
| Confidence Level         | Low          |
| Setting File             | ---          |
| Simulation Activity File | ---          |
| Design Nets Matched      | NA           |
+--------------------------+--------------+
* Specify Design Power Budget using, set_operating_conditions -design_power_budget <value in Watts>


1.1 On-Chip Components
----------------------

+----------------+-----------+----------+-----------+-----------------+
| On-Chip        | Power (W) | Used     | Available | Utilization (%) |
+----------------+-----------+----------+-----------+-----------------+
| Slice Logic    |     4.429 |     5765 |       --- |             --- |
|   LUT as Logic |     3.696 |     2883 |    133800 |            2.15 |
|   CARRY4       |     0.429 |       90 |     33450 |            0.27 |
|   Register     |     0.218 |     2179 |    267600 |            0.81 |
|   BUFG         |     0.058 |        3 |        32 |            9.38 |
|   F7/F8 Muxes  |     0.028 |      308 |    133800 |            0.23 |
|   Others       |     0.000 |       36 |       --- |             --- |
| Signals        |     6.441 |     4672 |       --- |             --- |
| Block RAM      |     0.401 |      2.5 |       365 |            0.68 |
| I/O            |    14.533 |       29 |       400 |            7.25 |
| Static Power   |     0.368 |          |           |                 |
| Total          |    26.172 |          |           |                 |
+----------------+-----------+----------+-----------+-----------------+


1.2 Power Supply Summary
------------------------

+-----------+-------------+-----------+-------------+------------+
| Source    | Voltage (V) | Total (A) | Dynamic (A) | Static (A) |
+-----------+-------------+-----------+-------------+------------+
| Vccint    |       1.000 |    11.462 |      11.246 |      0.215 |
| Vccaux    |       1.800 |     1.245 |       1.189 |      0.056 |
| Vcco33    |       3.300 |     0.000 |       0.000 |      0.000 |
| Vcco25    |       2.500 |     0.000 |       0.000 |      0.000 |
| Vcco18    |       1.800 |     6.885 |       6.880 |      0.005 |
| Vcco15    |       1.500 |     0.000 |       0.000 |      0.000 |
| Vcco135   |       1.350 |     0.000 |       0.000 |      0.000 |
| Vcco12    |       1.200 |     0.000 |       0.000 |      0.000 |
| Vccaux_io |       1.800 |     0.000 |       0.000 |      0.000 |
| Vccbram   |       1.000 |     0.040 |       0.033 |      0.007 |
| MGTAVcc   |       1.000 |     0.000 |       0.000 |      0.000 |
| MGTAVtt   |       1.200 |     0.000 |       0.000 |      0.000 |
| Vccadc    |       1.800 |     0.020 |       0.000 |      0.020 |
+-----------+-------------+-----------+-------------+------------+


1.3 Confidence Level
--------------------

+-----------------------------+------------+--------------------------------------------------------+--------------------------------------------------------------------------------------------------------------------+
| User Input Data             | Confidence | Details                                                | Action                                                                                                             |
+-----------------------------+------------+--------------------------------------------------------+--------------------------------------------------------------------------------------------------------------------+
| Design implementation state | High       | Design is routed                                       |                                                                                                                    |
| Clock nodes activity        | Low        | User specified less than 75% of clocks                 | Provide missing clock activity with a constraint file, simulation results or by editing the "By Clock Domain" view |
| I/O nodes activity          | Low        | More than 75% of inputs are missing user specification | Provide missing input activity with simulation results or by editing the "By Resource Type -> I/Os" view           |
| Internal nodes activity     | Medium     | User specified less than 25% of internal nodes         | Provide missing internal nodes activity with simulation results or by editing the "By Resource Type" views         |
| Device models               | High       | Device models are Production                           |                                                                                                                    |
|                             |            |                                                        |                                                                                                                    |
| Overall confidence level    | Low        |                                                        |                                                                                                                    |
+-----------------------------+------------+--------------------------------------------------------+--------------------------------------------------------------------------------------------------------------------+


2. Settings
-----------

2.1 Environment
---------------

+-----------------------+--------------------------+
| Ambient Temp (C)      | 25.0                     |
| ThetaJA (C/W)         | 1.9                      |
| Airflow (LFM)         | 250                      |
| Heat Sink             | medium (Medium Profile)  |
| ThetaSA (C/W)         | 3.4                      |
| Board Selection       | medium (10"x10")         |
| # of Board Layers     | 12to15 (12 to 15 Layers) |
| Board Temperature (C) | 25.0                     |
+-----------------------+--------------------------+


2.2 Clock Constraints
---------------------

+-------+--------+-----------------+
| Clock | Domain | Constraint (ns) |
+-------+--------+-----------------+


3. Detailed Reports
-------------------

3.1 By Hierarchy
----------------

+-----------------------+-----------+
| Name                  | Power (W) |
+-----------------------+-----------+
| pipeline_cpu_display  |    25.804 |
|   cpu                 |     8.267 |
|     EXE_module        |     2.026 |
|       multiply_module |     1.843 |
|     IF_module         |     1.900 |
|     MEM_module        |     0.061 |
|     WB_module         |     0.666 |
|     data_ram_module   |     0.264 |
|       U0              |     0.264 |
|     inst_rom_module   |     0.188 |
|       U0              |     0.188 |
|     rf_module         |     0.463 |
|   lcd_module          |    17.295 |
|     lcd_draw_module   |     0.806 |
|     lcd_init_module   |     0.631 |
|     lcd_rom_module    |     0.447 |
|       U0              |     0.447 |
|     touch_module      |     0.261 |
|       sda_io          |     0.012 |
+-----------------------+-----------+


