Copyright 1986-2018 Xilinx, Inc. All Rights Reserved.
-------------------------------------------------------------------------------------------------------------------------------------------------------------------------------------------
| Tool Version     : Vivado v.2018.3 (win64) Build 2405991 Thu Dec  6 23:38:27 MST 2018
| Date             : Sat Sep 14 13:22:49 2024
| Host             : Ming running 64-bit major release  (build 9200)
| Command          : report_power -file multi_cycle_cpu_display_power_routed.rpt -pb multi_cycle_cpu_display_power_summary_routed.pb -rpx multi_cycle_cpu_display_power_routed.rpx
| Design           : multi_cycle_cpu_display
| Device           : xc7a200tfbg676-2
| Design State     : routed
| Grade            : commercial
| Process          : typical
| Characterization : Production
-------------------------------------------------------------------------------------------------------------------------------------------------------------------------------------------

Power Report

Table of Contents
-----------------
1. Summary
1.1 On-Chip Components
1.2 Power Supply Summary
1.3 Confidence Level
2. Settings
2.1 Environment
2.2 Clock Constraints
3. Detailed Reports
3.1 By Hierarchy

1. Summary
----------

+--------------------------+----------------------------------+
| Total On-Chip Power (W)  | 52.645 (Junction temp exceeded!) |
| Design Power Budget (W)  | Unspecified*                     |
| Power Budget Margin (W)  | NA                               |
| Dynamic (W)              | 51.041                           |
| Device Static (W)        | 1.604                            |
| Effective TJA (C/W)      | 1.9                              |
| Max Ambient (C)          | 0.0                              |
| Junction Temperature (C) | 123.4                            |
| Confidence Level         | Low                              |
| Setting File             | ---                              |
| Simulation Activity File | ---                              |
| Design Nets Matched      | NA                               |
+--------------------------+----------------------------------+
* Specify Design Power Budget using, set_operating_conditions -design_power_budget <value in Watts>


1.1 On-Chip Components
----------------------

+----------------+-----------+----------+-----------+-----------------+
| On-Chip        | Power (W) | Used     | Available | Utilization (%) |
+----------------+-----------+----------+-----------+-----------------+
| Slice Logic    |     2.433 |     4582 |       --- |             --- |
|   LUT as Logic |     2.187 |     2237 |    133800 |            1.67 |
|   CARRY4       |     0.106 |       34 |     33450 |            0.10 |
|   BUFG         |     0.063 |        7 |        32 |           21.88 |
|   Register     |     0.059 |     1770 |    267600 |            0.66 |
|   F7/F8 Muxes  |     0.017 |      265 |    133800 |            0.20 |
|   Others       |     0.000 |       37 |       --- |             --- |
| Signals        |     3.643 |     3784 |       --- |             --- |
| Block RAM      |     0.395 |      2.5 |       365 |            0.68 |
| I/O            |    44.571 |       29 |       400 |            7.25 |
| Static Power   |     1.604 |          |           |                 |
| Total          |    52.645 |          |           |                 |
+----------------+-----------+----------+-----------+-----------------+


1.2 Power Supply Summary
------------------------

+-----------+-------------+-----------+-------------+------------+
| Source    | Voltage (V) | Total (A) | Dynamic (A) | Static (A) |
+-----------+-------------+-----------+-------------+------------+
| Vccint    |       1.000 |     7.598 |       6.447 |      1.151 |
| Vccaux    |       1.800 |     1.830 |       1.633 |      0.197 |
| Vcco33    |       3.300 |    12.618 |      12.613 |      0.005 |
| Vcco25    |       2.500 |     0.000 |       0.000 |      0.000 |
| Vcco18    |       1.800 |     0.000 |       0.000 |      0.000 |
| Vcco15    |       1.500 |     0.000 |       0.000 |      0.000 |
| Vcco135   |       1.350 |     0.000 |       0.000 |      0.000 |
| Vcco12    |       1.200 |     0.000 |       0.000 |      0.000 |
| Vccaux_io |       1.800 |     0.000 |       0.000 |      0.000 |
| Vccbram   |       1.000 |     0.078 |       0.031 |      0.046 |
| MGTAVcc   |       1.000 |     0.000 |       0.000 |      0.000 |
| MGTAVtt   |       1.200 |     0.000 |       0.000 |      0.000 |
| Vccadc    |       1.800 |     0.020 |       0.000 |      0.020 |
+-----------+-------------+-----------+-------------+------------+


1.3 Confidence Level
--------------------

+-----------------------------+------------+--------------------------------------------------------+--------------------------------------------------------------------------------------------------------------------+
| User Input Data             | Confidence | Details                                                | Action                                                                                                             |
+-----------------------------+------------+--------------------------------------------------------+--------------------------------------------------------------------------------------------------------------------+
| Design implementation state | High       | Design is routed                                       |                                                                                                                    |
| Clock nodes activity        | Low        | User specified less than 75% of clocks                 | Provide missing clock activity with a constraint file, simulation results or by editing the "By Clock Domain" view |
| I/O nodes activity          | Low        | More than 75% of inputs are missing user specification | Provide missing input activity with simulation results or by editing the "By Resource Type -> I/Os" view           |
| Internal nodes activity     | Medium     | User specified less than 25% of internal nodes         | Provide missing internal nodes activity with simulation results or by editing the "By Resource Type" views         |
| Device models               | High       | Device models are Production                           |                                                                                                                    |
|                             |            |                                                        |                                                                                                                    |
| Overall confidence level    | Low        |                                                        |                                                                                                                    |
+-----------------------------+------------+--------------------------------------------------------+--------------------------------------------------------------------------------------------------------------------+


2. Settings
-----------

2.1 Environment
---------------

+-----------------------+--------------------------+
| Ambient Temp (C)      | 25.0                     |
| ThetaJA (C/W)         | 1.9                      |
| Airflow (LFM)         | 250                      |
| Heat Sink             | medium (Medium Profile)  |
| ThetaSA (C/W)         | 3.4                      |
| Board Selection       | medium (10"x10")         |
| # of Board Layers     | 12to15 (12 to 15 Layers) |
| Board Temperature (C) | 25.0                     |
+-----------------------+--------------------------+


2.2 Clock Constraints
---------------------

+-------+--------+-----------------+
| Clock | Domain | Constraint (ns) |
+-------+--------+-----------------+


3. Detailed Reports
-------------------

3.1 By Hierarchy
----------------

+-------------------------+-----------+
| Name                    | Power (W) |
+-------------------------+-----------+
| multi_cycle_cpu_display |    51.041 |
|   cpu                   |     3.529 |
|     EXE_module          |     0.272 |
|       alu_module        |     0.272 |
|     ID_module           |     0.174 |
|     IF_module           |     0.167 |
|     MEM_module          |     0.007 |
|     data_ram_module     |     0.376 |
|       U0                |     0.376 |
|     inst_rom_module     |     0.036 |
|       U0                |     0.036 |
|     rf_module           |     0.637 |
|   lcd_module            |    47.309 |
|     lcd_draw_module     |     0.773 |
|     lcd_init_module     |     0.625 |
|     lcd_rom_module      |     0.417 |
|       U0                |     0.417 |
|     touch_module        |     0.303 |
|       sda_io            |     0.036 |
+-------------------------+-----------+


